<?xml version="1.0" encoding="UTF-8"?>
<!-- Generated by org.testng.reporters.JUnitXMLReporter -->
<testsuite ignored="0" hostname="DESKTOP-N5ERSVK" failures="2" tests="6" name="Default test" time="26.517" errors="0" timestamp="2026-03-14T13:23:11 IST">
  <testcase classname="basepkg.baseTools" name="@AfterMethod screenshotMethod" time="-1.77347479101E9">
    <failure type="org.testng.TestNGException" message="
Can inject only one of &amp;lt;ITestContext, XmlTest, Method, Object[], ITestResult&amp;gt; into a @AfterMethod annotated screenshotMethod.
For more information on native dependency injection please refer to https://testng.org/#_dependency_injection">
      <![CDATA[org.testng.TestNGException: 
Can inject only one of <ITestContext, XmlTest, Method, Object[], ITestResult> into a @AfterMethod annotated screenshotMethod.
For more information on native dependency injection please refer to https://testng.org/#_dependency_injection
at org.testng.internal.Parameters.checkParameterTypes(Parameters.java:442)
at org.testng.internal.Parameters.createParametersForMethod(Parameters.java:347)
at org.testng.internal.Parameters.createParameters(Parameters.java:699)
at org.testng.internal.Parameters.createConfigurationParameters(Parameters.java:163)
at org.testng.internal.invokers.ConfigInvoker.invokeConfigurations(ConfigInvoker.java:313)
at org.testng.internal.invokers.TestInvoker.runConfigMethods(TestInvoker.java:836)
at org.testng.internal.invokers.TestInvoker.runAfterConfigurations(TestInvoker.java:805)
at org.testng.internal.invokers.TestInvoker.invokeMethod(TestInvoker.java:781)
at org.testng.internal.invokers.TestInvoker.invokeTestMethod(TestInvoker.java:230)
at org.testng.internal.invokers.MethodRunner.runInSequence(MethodRunner.java:63)
at org.testng.internal.invokers.TestInvoker$MethodInvocationAgent.invoke(TestInvoker.java:995)
at org.testng.internal.invokers.TestInvoker.invokeTestMethods(TestInvoker.java:203)
at org.testng.internal.invokers.TestMethodWorker.invokeTestMethods(TestMethodWorker.java:154)
at org.testng.internal.invokers.TestMethodWorker.run(TestMethodWorker.java:134)
at java.base/java.util.ArrayList.forEach(ArrayList.java:1596)
at org.testng.TestRunner.privateRun(TestRunner.java:741)
at org.testng.TestRunner.run(TestRunner.java:616)
at org.testng.SuiteRunner.runTest(SuiteRunner.java:421)
at org.testng.SuiteRunner.runSequentially(SuiteRunner.java:413)
at org.testng.SuiteRunner.privateRun(SuiteRunner.java:373)
at org.testng.SuiteRunner.run(SuiteRunner.java:312)
at org.testng.SuiteRunnerWorker.runSuite(SuiteRunnerWorker.java:52)
at org.testng.SuiteRunnerWorker.run(SuiteRunnerWorker.java:95)
at org.testng.TestNG.runSuitesSequentially(TestNG.java:1274)
at org.testng.TestNG.runSuitesLocally(TestNG.java:1208)
at org.testng.TestNG.runSuites(TestNG.java:1112)
at org.testng.TestNG.run(TestNG.java:1079)
at org.testng.remote.AbstractRemoteTestNG.run(AbstractRemoteTestNG.java:115)
at org.testng.remote.RemoteTestNG.initAndRun(RemoteTestNG.java:293)
at org.testng.remote.RemoteTestNG.main(RemoteTestNG.java:91)
]]>
    </failure>
  </testcase> <!-- @AfterMethod screenshotMethod -->
  <testcase classname="basepkg.baseTools" name="@BeforeMethod beforemtd" time="0.0">
    <skipped/>
  </testcase> <!-- @BeforeMethod beforemtd -->
  <testcase classname="basepkg.baseTools" name="@AfterMethod screenshotMethod" time="0.0">
    <skipped/>
  </testcase> <!-- @AfterMethod screenshotMethod -->
  <testcase classname="basepkg.baseTools" name="@BeforeMethod beforemtd" time="0.0">
    <skipped/>
  </testcase> <!-- @BeforeMethod beforemtd -->
  <testcase classname="basepkg.baseTools" name="@AfterMethod screenshotMethod" time="0.0">
    <skipped/>
  </testcase> <!-- @AfterMethod screenshotMethod -->
  <testcase classname="basepkg.baseTools" name="@BeforeMethod beforemtd" time="0.0">
    <skipped/>
  </testcase> <!-- @BeforeMethod beforemtd -->
  <testcase classname="basepkg.baseTools" name="@AfterMethod screenshotMethod" time="0.0">
    <skipped/>
  </testcase> <!-- @AfterMethod screenshotMethod -->
  <testcase classname="basepkg.baseTools" name="@BeforeMethod beforemtd" time="0.0">
    <skipped/>
  </testcase> <!-- @BeforeMethod beforemtd -->
  <testcase classname="basepkg.baseTools" name="@AfterMethod screenshotMethod" time="0.0">
    <skipped/>
  </testcase> <!-- @AfterMethod screenshotMethod -->
  <testcase classname="testpkg.HomeToolsTest" name="verifylinkCount" time="15.418">
    <failure type="org.openqa.selenium.TimeoutException" message="Expected condition failed: waiting for visibility of all [[[ChromeDriver: chrome on windows (b6de237883984d776b1dfeed56a9cfc7)] -&amp;gt; tag name: a], [[ChromeDriver: chrome on windows (b6de237883984d776b1dfeed56a9cfc7)] -&amp;gt; tag name: a], [[ChromeDriver: chrome on windows (b6de237883984d776b1dfeed56a9cfc7)] -&amp;gt; tag name: a], [[ChromeDriver: chrome on windows (b6de237883984d776b1dfeed56a9cfc7)] -&amp;gt; tag name: a], [[ChromeDriver: chrome on windows (b6de237883984d776b1dfeed56a9cfc7)] -&amp;gt; tag name: a], [[ChromeDriver: chrome on windows (b6de237883984d776b1dfeed56a9cfc7)] -&amp;gt; tag name: a], [[ChromeDriver: chrome on windows (b6de237883984d776b1dfeed56a9cfc7)] -&amp;gt; tag name: a], [[ChromeDriver: chrome on windows (b6de237883984d776b1dfeed56a9cfc7)] -&amp;gt; tag name: a], [[ChromeDriver: chrome on windows (b6de237883984d776b1dfeed56a9cfc7)] -&amp;gt; tag name: a], [[ChromeDriver: chrome on windows (b6de237883984d776b1dfeed56a9cfc7)] -&amp;gt; tag name: a], [[ChromeDriver: chrome on windows (b6de237883984d776b1dfeed56a9cfc7)] -&amp;gt; tag name: a], [[ChromeDriver: chrome on windows (b6de237883984d776b1dfeed56a9cfc7)] -&amp;gt; tag name: a], [[ChromeDriver: chrome on windows (b6de237883984d776b1dfeed56a9cfc7)] -&amp;gt; tag name: a], [[ChromeDriver: chrome on windows (b6de237883984d776b1dfeed56a9cfc7)] -&amp;gt; tag name: a], [[ChromeDriver: chrome on windows (b6de237883984d776b1dfeed56a9cfc7)] -&amp;gt; tag name: a], [[ChromeDriver: chrome on windows (b6de237883984d776b1dfeed56a9cfc7)] -&amp;gt; tag name: a], [[ChromeDriver: chrome on windows (b6de237883984d776b1dfeed56a9cfc7)] -&amp;gt; tag name: a], [[ChromeDriver: chrome on windows (b6de237883984d776b1dfeed56a9cfc7)] -&amp;gt; tag name: a], [[ChromeDriver: chrome on windows (b6de237883984d776b1dfeed56a9cfc7)] -&amp;gt; tag name: a], [[ChromeDriver: chrome on windows (b6de237883984d776b1dfeed56a9cfc7)] -&amp;gt; tag name: a], [[ChromeDriver: chrome on windows (b6de237883984d776b1dfeed56a9cfc7)] -&amp;gt; tag name: a], [[ChromeDriver: chrome on windows (b6de237883984d776b1dfeed56a9cfc7)] -&amp;gt; tag name: a], [[ChromeDriver: chrome on windows (b6de237883984d776b1dfeed56a9cfc7)] -&amp;gt; tag name: a], [[ChromeDriver: chrome on windows (b6de237883984d776b1dfeed56a9cfc7)] -&amp;gt; tag name: a], [[ChromeDriver: chrome on windows (b6de237883984d776b1dfeed56a9cfc7)] -&amp;gt; tag name: a], [[ChromeDriver: chrome on windows (b6de237883984d776b1dfeed56a9cfc7)] -&amp;gt; tag name: a], [[ChromeDriver: chrome on windows (b6de237883984d776b1dfeed56a9cfc7)] -&amp;gt; tag name: a], [[ChromeDriver: chrome on windows (b6de237883984d776b1dfeed56a9cfc7)] -&amp;gt; tag name: a], [[ChromeDriver: chrome on windows (b6de237883984d776b1dfeed56a9cfc7)] -&amp;gt; tag name: a], [[ChromeDriver: chrome on windows (b6de237883984d776b1dfeed56a9cfc7)] -&amp;gt; tag name: a], [[ChromeDriver: chrome on windows (b6de237883984d776b1dfeed56a9cfc7)] -&amp;gt; tag name: a], [[ChromeDriver: chrome on windows (b6de237883984d776b1dfeed56a9cfc7)] -&amp;gt; tag name: a], [[ChromeDriver: chrome on windows (b6de237883984d776b1dfeed56a9cfc7)] -&amp;gt; tag name: a], [[ChromeDriver: chrome on windows (b6de237883984d776b1dfeed56a9cfc7)] -&amp;gt; tag name: a], [[ChromeDriver: chrome on windows (b6de237883984d776b1dfeed56a9cfc7)] -&amp;gt; tag name: a], [[ChromeDriver: chrome on windows (b6de237883984d776b1dfeed56a9cfc7)] -&amp;gt; tag name: a], [[ChromeDriver: chrome on windows (b6de237883984d776b1dfeed56a9cfc7)] -&amp;gt; tag name: a], [[ChromeDriver: chrome on windows (b6de237883984d776b1dfeed56a9cfc7)] -&amp;gt; tag name: a], [[ChromeDriver: chrome on windows (b6de237883984d776b1dfeed56a9cfc7)] -&amp;gt; tag name: a], [[ChromeDriver: chrome on windows (b6de237883984d776b1dfeed56a9cfc7)] -&amp;gt; tag name: a], [[ChromeDriver: chrome on windows (b6de237883984d776b1dfeed56a9cfc7)] -&amp;gt; tag name: a], [[ChromeDriver: chrome on windows (b6de237883984d776b1dfeed56a9cfc7)] -&amp;gt; tag name: a], [[ChromeDriver: chrome on windows (b6de237883984d776b1dfeed56a9cfc7)] -&amp;gt; tag name: a], [[ChromeDriver: chrome on windows (b6de237883984d776b1dfeed56a9cfc7)] -&amp;gt; tag name: a], [[ChromeDriver: chrome on windows (b6de237883984d776b1dfeed56a9cfc7)] -&amp;gt; tag name: a], [[ChromeDriver: chrome on windows (b6de237883984d776b1dfeed56a9cfc7)] -&amp;gt; tag name: a], [[ChromeDriver: chrome on windows (b6de237883984d776b1dfeed56a9cfc7)] -&amp;gt; tag name: a], [[ChromeDriver: chrome on windows (b6de237883984d776b1dfeed56a9cfc7)] -&amp;gt; tag name: a], [[ChromeDriver: chrome on windows (b6de237883984d776b1dfeed56a9cfc7)] -&amp;gt; tag name: a], [[ChromeDriver: chrome on windows (b6de237883984d776b1dfeed56a9cfc7)] -&amp;gt; tag name: a], [[ChromeDriver: chrome on windows (b6de237883984d776b1dfeed56a9cfc7)] -&amp;gt; tag name: a], [[ChromeDriver: chrome on windows (b6de237883984d776b1dfeed56a9cfc7)] -&amp;gt; tag name: a], [[ChromeDriver: chrome on windows (b6de237883984d776b1dfeed56a9cfc7)] -&amp;gt; tag name: a], [[ChromeDriver: chrome on windows (b6de237883984d776b1dfeed56a9cfc7)] -&amp;gt; tag name: a], [[ChromeDriver: chrome on windows (b6de237883984d776b1dfeed56a9cfc7)] -&amp;gt; tag name: a], [[ChromeDriver: chrome on windows (b6de237883984d776b1dfeed56a9cfc7)] -&amp;gt; tag name: a], [[ChromeDriver: chrome on windows (b6de237883984d776b1dfeed56a9cfc7)] -&amp;gt; tag name: a], [[ChromeDriver: chrome on windows (b6de237883984d776b1dfeed56a9cfc7)] -&amp;gt; tag name: a], [[ChromeDriver: chrome on windows (b6de237883984d776b1dfeed56a9cfc7)] -&amp;gt; tag name: a], [[ChromeDriver: chrome on windows (b6de237883984d776b1dfeed56a9cfc7)] -&amp;gt; tag name: a], [[ChromeDriver: chrome on windows (b6de237883984d776b1dfeed56a9cfc7)] -&amp;gt; tag name: a], [[ChromeDriver: chrome on windows (b6de237883984d776b1dfeed56a9cfc7)] -&amp;gt; tag name: a], [[ChromeDriver: chrome on windows (b6de237883984d776b1dfeed56a9cfc7)] -&amp;gt; tag name: a], [[ChromeDriver: chrome on windows (b6de237883984d776b1dfeed56a9cfc7)] -&amp;gt; tag name: a], [[ChromeDriver: chrome on windows (b6de237883984d776b1dfeed56a9cfc7)] -&amp;gt; tag name: a], [[ChromeDriver: chrome on windows (b6de237883984d776b1dfeed56a9cfc7)] -&amp;gt; tag name: a], [[ChromeDriver: chrome on windows (b6de237883984d776b1dfeed56a9cfc7)] -&amp;gt; tag name: a], [[ChromeDriver: chrome on windows (b6de237883984d776b1dfeed56a9cfc7)] -&amp;gt; tag name: a], [[ChromeDriver: chrome on windows (b6de237883984d776b1dfeed56a9cfc7)] -&amp;gt; tag name: a], [[ChromeDriver: chrome on windows (b6de237883984d776b1dfeed56a9cfc7)] -&amp;gt; tag name: a], [[ChromeDriver: chrome on windows (b6de237883984d776b1dfeed56a9cfc7)] -&amp;gt; tag name: a], [[ChromeDriver: chrome on windows (b6de237883984d776b1dfeed56a9cfc7)] -&amp;gt; tag name: a], [[ChromeDriver: chrome on windows (b6de237883984d776b1dfeed56a9cfc7)] -&amp;gt; tag name: a], [[ChromeDriver: chrome on windows (b6de237883984d776b1dfeed56a9cfc7)] -&amp;gt; tag name: a], [[ChromeDriver: chrome on windows (b6de237883984d776b1dfeed56a9cfc7)] -&amp;gt; tag name: a], [[ChromeDriver: chrome on windows (b6de237883984d776b1dfeed56a9cfc7)] -&amp;gt; tag name: a], [[ChromeDriver: chrome on windows (b6de237883984d776b1dfeed56a9cfc7)] -&amp;gt; tag name: a], [[ChromeDriver: chrome on windows (b6de237883984d776b1dfeed56a9cfc7)] -&amp;gt; tag name: a], [[ChromeDriver: chrome on windows (b6de237883984d776b1dfeed56a9cfc7)] -&amp;gt; tag name: a], [[ChromeDriver: chrome on windows (b6de237883984d776b1dfeed56a9cfc7)] -&amp;gt; tag name: a], [[ChromeDriver: chrome on windows (b6de237883984d776b1dfeed56a9cfc7)] -&amp;gt; tag name: a], [[ChromeDriver: chrome on windows (b6de237883984d776b1dfeed56a9cfc7)] -&amp;gt; tag name: a], [[ChromeDriver: chrome on windows (b6de237883984d776b1dfeed56a9cfc7)] -&amp;gt; tag name: a], [[ChromeDriver: chrome on windows (b6de237883984d776b1dfeed56a9cfc7)] -&amp;gt; tag name: a], [[ChromeDriver: chrome on windows (b6de237883984d776b1dfeed56a9cfc7)] -&amp;gt; tag name: a], [[ChromeDriver: chrome on windows (b6de237883984d776b1dfeed56a9cfc7)] -&amp;gt; tag name: a], [[ChromeDriver: chrome on windows (b6de237883984d776b1dfeed56a9cfc7)] -&amp;gt; tag name: a], [[ChromeDriver: chrome on windows (b6de237883984d776b1dfeed56a9cfc7)] -&amp;gt; tag name: a], [[ChromeDriver: chrome on windows (b6de237883984d776b1dfeed56a9cfc7)] -&amp;gt; tag name: a], [[ChromeDriver: chrome on windows (b6de237883984d776b1dfeed56a9cfc7)] -&amp;gt; tag name: a], [[ChromeDriver: chrome on windows (b6de237883984d776b1dfeed56a9cfc7)] -&amp;gt; tag name: a], [[ChromeDriver: chrome on windows (b6de237883984d776b1dfeed56a9cfc7)] -&amp;gt; tag name: a], [[ChromeDriver: chrome on windows (b6de237883984d776b1dfeed56a9cfc7)] -&amp;gt; tag name: a], [[ChromeDriver: chrome on windows (b6de237883984d776b1dfeed56a9cfc7)] -&amp;gt; tag name: a], [[ChromeDriver: chrome on windows (b6de237883984d776b1dfeed56a9cfc7)] -&amp;gt; tag name: a], [[ChromeDriver: chrome on windows (b6de237883984d776b1dfeed56a9cfc7)] -&amp;gt; tag name: a], [[ChromeDriver: chrome on windows (b6de237883984d776b1dfeed56a9cfc7)] -&amp;gt; tag name: a], [[ChromeDriver: chrome on windows (b6de237883984d776b1dfeed56a9cfc7)] -&amp;gt; tag name: a], [[ChromeDriver: chrome on windows (b6de237883984d776b1dfeed56a9cfc7)] -&amp;gt; tag name: a], [[ChromeDriver: chrome on windows (b6de237883984d776b1dfeed56a9cfc7)] -&amp;gt; tag name: a], [[ChromeDriver: chrome on windows (b6de237883984d776b1dfeed56a9cfc7)] -&amp;gt; tag name: a], [[ChromeDriver: chrome on windows (b6de237883984d776b1dfeed56a9cfc7)] -&amp;gt; tag name: a], [[ChromeDriver: chrome on windows (b6de237883984d776b1dfeed56a9cfc7)] -&amp;gt; tag name: a], [[ChromeDriver: chrome on windows (b6de237883984d776b1dfeed56a9cfc7)] -&amp;gt; tag name: a], [[ChromeDriver: chrome on windows (b6de237883984d776b1dfeed56a9cfc7)] -&amp;gt; tag name: a], [[ChromeDriver: chrome on windows (b6de237883984d776b1dfeed56a9cfc7)] -&amp;gt; tag name: a], [[ChromeDriver: chrome on windows (b6de237883984d776b1dfeed56a9cfc7)] -&amp;gt; tag name: a]] (tried for 15 second(s) with 500 milliseconds interval)
Build info: version: &amp;apos;4.38.0&amp;apos;, revision: &amp;apos;6b412e825c*&amp;apos;
System info: os.name: &amp;apos;Windows 10&amp;apos;, os.arch: &amp;apos;amd64&amp;apos;, os.version: &amp;apos;10.0&amp;apos;, java.version: &amp;apos;21.0.8&amp;apos;
Driver info: org.openqa.selenium.chrome.ChromeDriver
Capabilities {acceptInsecureCerts: false, browserName: chrome, browserVersion: 145.0.7632.160, chrome: {chromedriverVersion: 145.0.7632.117 (de4e5d6e13b..., userDataDir: C:\Users\A\AppData\Local\Te...}, fedcm:accounts: true, goog:chromeOptions: {debuggerAddress: localhost:51710}, goog:processID: 12688, networkConnectionEnabled: false, pageLoadStrategy: normal, platformName: windows, proxy: Proxy(), se:cdp: ws://localhost:51710/devtoo..., se:cdpVersion: 145.0.7632.160, setWindowRect: true, strictFileInteractability: false, timeouts: {implicit: 0, pageLoad: 300000, script: 30000}, unhandledPromptBehavior: dismiss and notify, webauthn:extension:credBlob: true, webauthn:extension:largeBlob: true, webauthn:extension:minPinLength: true, webauthn:extension:prf: true, webauthn:virtualAuthenticators: true}
Session ID: b6de237883984d776b1dfeed56a9cfc7">
      <![CDATA[org.openqa.selenium.TimeoutException: Expected condition failed: waiting for visibility of all [[[ChromeDriver: chrome on windows (b6de237883984d776b1dfeed56a9cfc7)] -> tag name: a], [[ChromeDriver: chrome on windows (b6de237883984d776b1dfeed56a9cfc7)] -> tag name: a], [[ChromeDriver: chrome on windows (b6de237883984d776b1dfeed56a9cfc7)] -> tag name: a], [[ChromeDriver: chrome on windows (b6de237883984d776b1dfeed56a9cfc7)] -> tag name: a], [[ChromeDriver: chrome on windows (b6de237883984d776b1dfeed56a9cfc7)] -> tag name: a], [[ChromeDriver: chrome on windows (b6de237883984d776b1dfeed56a9cfc7)] -> tag name: a], [[ChromeDriver: chrome on windows (b6de237883984d776b1dfeed56a9cfc7)] -> tag name: a], [[ChromeDriver: chrome on windows (b6de237883984d776b1dfeed56a9cfc7)] -> tag name: a], [[ChromeDriver: chrome on windows (b6de237883984d776b1dfeed56a9cfc7)] -> tag name: a], [[ChromeDriver: chrome on windows (b6de237883984d776b1dfeed56a9cfc7)] -> tag name: a], [[ChromeDriver: chrome on windows (b6de237883984d776b1dfeed56a9cfc7)] -> tag name: a], [[ChromeDriver: chrome on windows (b6de237883984d776b1dfeed56a9cfc7)] -> tag name: a], [[ChromeDriver: chrome on windows (b6de237883984d776b1dfeed56a9cfc7)] -> tag name: a], [[ChromeDriver: chrome on windows (b6de237883984d776b1dfeed56a9cfc7)] -> tag name: a], [[ChromeDriver: chrome on windows (b6de237883984d776b1dfeed56a9cfc7)] -> tag name: a], [[ChromeDriver: chrome on windows (b6de237883984d776b1dfeed56a9cfc7)] -> tag name: a], [[ChromeDriver: chrome on windows (b6de237883984d776b1dfeed56a9cfc7)] -> tag name: a], [[ChromeDriver: chrome on windows (b6de237883984d776b1dfeed56a9cfc7)] -> tag name: a], [[ChromeDriver: chrome on windows (b6de237883984d776b1dfeed56a9cfc7)] -> tag name: a], [[ChromeDriver: chrome on windows (b6de237883984d776b1dfeed56a9cfc7)] -> tag name: a], [[ChromeDriver: chrome on windows (b6de237883984d776b1dfeed56a9cfc7)] -> tag name: a], [[ChromeDriver: chrome on windows (b6de237883984d776b1dfeed56a9cfc7)] -> tag name: a], [[ChromeDriver: chrome on windows (b6de237883984d776b1dfeed56a9cfc7)] -> tag name: a], [[ChromeDriver: chrome on windows (b6de237883984d776b1dfeed56a9cfc7)] -> tag name: a], [[ChromeDriver: chrome on windows (b6de237883984d776b1dfeed56a9cfc7)] -> tag name: a], [[ChromeDriver: chrome on windows (b6de237883984d776b1dfeed56a9cfc7)] -> tag name: a], [[ChromeDriver: chrome on windows (b6de237883984d776b1dfeed56a9cfc7)] -> tag name: a], [[ChromeDriver: chrome on windows (b6de237883984d776b1dfeed56a9cfc7)] -> tag name: a], [[ChromeDriver: chrome on windows (b6de237883984d776b1dfeed56a9cfc7)] -> tag name: a], [[ChromeDriver: chrome on windows (b6de237883984d776b1dfeed56a9cfc7)] -> tag name: a], [[ChromeDriver: chrome on windows (b6de237883984d776b1dfeed56a9cfc7)] -> tag name: a], [[ChromeDriver: chrome on windows (b6de237883984d776b1dfeed56a9cfc7)] -> tag name: a], [[ChromeDriver: chrome on windows (b6de237883984d776b1dfeed56a9cfc7)] -> tag name: a], [[ChromeDriver: chrome on windows (b6de237883984d776b1dfeed56a9cfc7)] -> tag name: a], [[ChromeDriver: chrome on windows (b6de237883984d776b1dfeed56a9cfc7)] -> tag name: a], [[ChromeDriver: chrome on windows (b6de237883984d776b1dfeed56a9cfc7)] -> tag name: a], [[ChromeDriver: chrome on windows (b6de237883984d776b1dfeed56a9cfc7)] -> tag name: a], [[ChromeDriver: chrome on windows (b6de237883984d776b1dfeed56a9cfc7)] -> tag name: a], [[ChromeDriver: chrome on windows (b6de237883984d776b1dfeed56a9cfc7)] -> tag name: a], [[ChromeDriver: chrome on windows (b6de237883984d776b1dfeed56a9cfc7)] -> tag name: a], [[ChromeDriver: chrome on windows (b6de237883984d776b1dfeed56a9cfc7)] -> tag name: a], [[ChromeDriver: chrome on windows (b6de237883984d776b1dfeed56a9cfc7)] -> tag name: a], [[ChromeDriver: chrome on windows (b6de237883984d776b1dfeed56a9cfc7)] -> tag name: a], [[ChromeDriver: chrome on windows (b6de237883984d776b1dfeed56a9cfc7)] -> tag name: a], [[ChromeDriver: chrome on windows (b6de237883984d776b1dfeed56a9cfc7)] -> tag name: a], [[ChromeDriver: chrome on windows (b6de237883984d776b1dfeed56a9cfc7)] -> tag name: a], [[ChromeDriver: chrome on windows (b6de237883984d776b1dfeed56a9cfc7)] -> tag name: a], [[ChromeDriver: chrome on windows (b6de237883984d776b1dfeed56a9cfc7)] -> tag name: a], [[ChromeDriver: chrome on windows (b6de237883984d776b1dfeed56a9cfc7)] -> tag name: a], [[ChromeDriver: chrome on windows (b6de237883984d776b1dfeed56a9cfc7)] -> tag name: a], [[ChromeDriver: chrome on windows (b6de237883984d776b1dfeed56a9cfc7)] -> tag name: a], [[ChromeDriver: chrome on windows (b6de237883984d776b1dfeed56a9cfc7)] -> tag name: a], [[ChromeDriver: chrome on windows (b6de237883984d776b1dfeed56a9cfc7)] -> tag name: a], [[ChromeDriver: chrome on windows (b6de237883984d776b1dfeed56a9cfc7)] -> tag name: a], [[ChromeDriver: chrome on windows (b6de237883984d776b1dfeed56a9cfc7)] -> tag name: a], [[ChromeDriver: chrome on windows (b6de237883984d776b1dfeed56a9cfc7)] -> tag name: a], [[ChromeDriver: chrome on windows (b6de237883984d776b1dfeed56a9cfc7)] -> tag name: a], [[ChromeDriver: chrome on windows (b6de237883984d776b1dfeed56a9cfc7)] -> tag name: a], [[ChromeDriver: chrome on windows (b6de237883984d776b1dfeed56a9cfc7)] -> tag name: a], [[ChromeDriver: chrome on windows (b6de237883984d776b1dfeed56a9cfc7)] -> tag name: a], [[ChromeDriver: chrome on windows (b6de237883984d776b1dfeed56a9cfc7)] -> tag name: a], [[ChromeDriver: chrome on windows (b6de237883984d776b1dfeed56a9cfc7)] -> tag name: a], [[ChromeDriver: chrome on windows (b6de237883984d776b1dfeed56a9cfc7)] -> tag name: a], [[ChromeDriver: chrome on windows (b6de237883984d776b1dfeed56a9cfc7)] -> tag name: a], [[ChromeDriver: chrome on windows (b6de237883984d776b1dfeed56a9cfc7)] -> tag name: a], [[ChromeDriver: chrome on windows (b6de237883984d776b1dfeed56a9cfc7)] -> tag name: a], [[ChromeDriver: chrome on windows (b6de237883984d776b1dfeed56a9cfc7)] -> tag name: a], [[ChromeDriver: chrome on windows (b6de237883984d776b1dfeed56a9cfc7)] -> tag name: a], [[ChromeDriver: chrome on windows (b6de237883984d776b1dfeed56a9cfc7)] -> tag name: a], [[ChromeDriver: chrome on windows (b6de237883984d776b1dfeed56a9cfc7)] -> tag name: a], [[ChromeDriver: chrome on windows (b6de237883984d776b1dfeed56a9cfc7)] -> tag name: a], [[ChromeDriver: chrome on windows (b6de237883984d776b1dfeed56a9cfc7)] -> tag name: a], [[ChromeDriver: chrome on windows (b6de237883984d776b1dfeed56a9cfc7)] -> tag name: a], [[ChromeDriver: chrome on windows (b6de237883984d776b1dfeed56a9cfc7)] -> tag name: a], [[ChromeDriver: chrome on windows (b6de237883984d776b1dfeed56a9cfc7)] -> tag name: a], [[ChromeDriver: chrome on windows (b6de237883984d776b1dfeed56a9cfc7)] -> tag name: a], [[ChromeDriver: chrome on windows (b6de237883984d776b1dfeed56a9cfc7)] -> tag name: a], [[ChromeDriver: chrome on windows (b6de237883984d776b1dfeed56a9cfc7)] -> tag name: a], [[ChromeDriver: chrome on windows (b6de237883984d776b1dfeed56a9cfc7)] -> tag name: a], [[ChromeDriver: chrome on windows (b6de237883984d776b1dfeed56a9cfc7)] -> tag name: a], [[ChromeDriver: chrome on windows (b6de237883984d776b1dfeed56a9cfc7)] -> tag name: a], [[ChromeDriver: chrome on windows (b6de237883984d776b1dfeed56a9cfc7)] -> tag name: a], [[ChromeDriver: chrome on windows (b6de237883984d776b1dfeed56a9cfc7)] -> tag name: a], [[ChromeDriver: chrome on windows (b6de237883984d776b1dfeed56a9cfc7)] -> tag name: a], [[ChromeDriver: chrome on windows (b6de237883984d776b1dfeed56a9cfc7)] -> tag name: a], [[ChromeDriver: chrome on windows (b6de237883984d776b1dfeed56a9cfc7)] -> tag name: a], [[ChromeDriver: chrome on windows (b6de237883984d776b1dfeed56a9cfc7)] -> tag name: a], [[ChromeDriver: chrome on windows (b6de237883984d776b1dfeed56a9cfc7)] -> tag name: a], [[ChromeDriver: chrome on windows (b6de237883984d776b1dfeed56a9cfc7)] -> tag name: a], [[ChromeDriver: chrome on windows (b6de237883984d776b1dfeed56a9cfc7)] -> tag name: a], [[ChromeDriver: chrome on windows (b6de237883984d776b1dfeed56a9cfc7)] -> tag name: a], [[ChromeDriver: chrome on windows (b6de237883984d776b1dfeed56a9cfc7)] -> tag name: a], [[ChromeDriver: chrome on windows (b6de237883984d776b1dfeed56a9cfc7)] -> tag name: a], [[ChromeDriver: chrome on windows (b6de237883984d776b1dfeed56a9cfc7)] -> tag name: a], [[ChromeDriver: chrome on windows (b6de237883984d776b1dfeed56a9cfc7)] -> tag name: a], [[ChromeDriver: chrome on windows (b6de237883984d776b1dfeed56a9cfc7)] -> tag name: a], [[ChromeDriver: chrome on windows (b6de237883984d776b1dfeed56a9cfc7)] -> tag name: a], [[ChromeDriver: chrome on windows (b6de237883984d776b1dfeed56a9cfc7)] -> tag name: a], [[ChromeDriver: chrome on windows (b6de237883984d776b1dfeed56a9cfc7)] -> tag name: a], [[ChromeDriver: chrome on windows (b6de237883984d776b1dfeed56a9cfc7)] -> tag name: a], [[ChromeDriver: chrome on windows (b6de237883984d776b1dfeed56a9cfc7)] -> tag name: a], [[ChromeDriver: chrome on windows (b6de237883984d776b1dfeed56a9cfc7)] -> tag name: a], [[ChromeDriver: chrome on windows (b6de237883984d776b1dfeed56a9cfc7)] -> tag name: a], [[ChromeDriver: chrome on windows (b6de237883984d776b1dfeed56a9cfc7)] -> tag name: a], [[ChromeDriver: chrome on windows (b6de237883984d776b1dfeed56a9cfc7)] -> tag name: a], [[ChromeDriver: chrome on windows (b6de237883984d776b1dfeed56a9cfc7)] -> tag name: a], [[ChromeDriver: chrome on windows (b6de237883984d776b1dfeed56a9cfc7)] -> tag name: a]] (tried for 15 second(s) with 500 milliseconds interval)
Build info: version: '4.38.0', revision: '6b412e825c*'
System info: os.name: 'Windows 10', os.arch: 'amd64', os.version: '10.0', java.version: '21.0.8'
Driver info: org.openqa.selenium.chrome.ChromeDriver
Capabilities {acceptInsecureCerts: false, browserName: chrome, browserVersion: 145.0.7632.160, chrome: {chromedriverVersion: 145.0.7632.117 (de4e5d6e13b..., userDataDir: C:\Users\A\AppData\Local\Te...}, fedcm:accounts: true, goog:chromeOptions: {debuggerAddress: localhost:51710}, goog:processID: 12688, networkConnectionEnabled: false, pageLoadStrategy: normal, platformName: windows, proxy: Proxy(), se:cdp: ws://localhost:51710/devtoo..., se:cdpVersion: 145.0.7632.160, setWindowRect: true, strictFileInteractability: false, timeouts: {implicit: 0, pageLoad: 300000, script: 30000}, unhandledPromptBehavior: dismiss and notify, webauthn:extension:credBlob: true, webauthn:extension:largeBlob: true, webauthn:extension:minPinLength: true, webauthn:extension:prf: true, webauthn:virtualAuthenticators: true}
Session ID: b6de237883984d776b1dfeed56a9cfc7
at org.openqa.selenium.support.ui.WebDriverWait.timeoutException(WebDriverWait.java:84)
at org.openqa.selenium.support.ui.FluentWait.until(FluentWait.java:228)
at pagepkg.HomePageTools.linkCount(HomePageTools.java:41)
at testpkg.HomeToolsTest.verifylinkCount(HomeToolsTest.java:10)
at java.base/jdk.internal.reflect.DirectMethodHandleAccessor.invoke(DirectMethodHandleAccessor.java:103)
at java.base/java.lang.reflect.Method.invoke(Method.java:580)
at org.testng.internal.invokers.MethodInvocationHelper.invokeMethod(MethodInvocationHelper.java:141)
at org.testng.internal.invokers.TestInvoker.invokeMethod(TestInvoker.java:687)
at org.testng.internal.invokers.TestInvoker.invokeTestMethod(TestInvoker.java:230)
at org.testng.internal.invokers.MethodRunner.runInSequence(MethodRunner.java:63)
at org.testng.internal.invokers.TestInvoker$MethodInvocationAgent.invoke(TestInvoker.java:995)
at org.testng.internal.invokers.TestInvoker.invokeTestMethods(TestInvoker.java:203)
at org.testng.internal.invokers.TestMethodWorker.invokeTestMethods(TestMethodWorker.java:154)
at org.testng.internal.invokers.TestMethodWorker.run(TestMethodWorker.java:134)
at java.base/java.util.ArrayList.forEach(ArrayList.java:1596)
at org.testng.TestRunner.privateRun(TestRunner.java:741)
at org.testng.TestRunner.run(TestRunner.java:616)
at org.testng.SuiteRunner.runTest(SuiteRunner.java:421)
at org.testng.SuiteRunner.runSequentially(SuiteRunner.java:413)
at org.testng.SuiteRunner.privateRun(SuiteRunner.java:373)
at org.testng.SuiteRunner.run(SuiteRunner.java:312)
at org.testng.SuiteRunnerWorker.runSuite(SuiteRunnerWorker.java:52)
at org.testng.SuiteRunnerWorker.run(SuiteRunnerWorker.java:95)
at org.testng.TestNG.runSuitesSequentially(TestNG.java:1274)
at org.testng.TestNG.runSuitesLocally(TestNG.java:1208)
at org.testng.TestNG.runSuites(TestNG.java:1112)
at org.testng.TestNG.run(TestNG.java:1079)
at org.testng.remote.AbstractRemoteTestNG.run(AbstractRemoteTestNG.java:115)
at org.testng.remote.RemoteTestNG.initAndRun(RemoteTestNG.java:293)
at org.testng.remote.RemoteTestNG.main(RemoteTestNG.java:91)
]]>
    </failure>
  </testcase> <!-- verifylinkCount -->
  <testcase classname="testpkg.HomeToolsTest" name="verifyBrokenLinks" time="0.001">
    <skipped/>
  </testcase> <!-- verifyBrokenLinks -->
  <testcase classname="testpkg.HomeToolsTest" name="verifyURL" time="0.0">
    <failure type="org.testng.TestNGException" message="
Cannot inject @Test annotated Method [verifyURL] with [class java.lang.String].
For more information on native dependency injection please refer to https://testng.org/#_dependency_injection">
      <![CDATA[org.testng.TestNGException: 
Cannot inject @Test annotated Method [verifyURL] with [class java.lang.String].
For more information on native dependency injection please refer to https://testng.org/#_dependency_injection
at org.testng.internal.Parameters.checkParameterTypes(Parameters.java:442)
at org.testng.internal.Parameters.createParametersForMethod(Parameters.java:347)
at org.testng.internal.Parameters.createParameters(Parameters.java:699)
at org.testng.internal.Parameters.handleParameters(Parameters.java:885)
at org.testng.internal.Parameters.handleParameters(Parameters.java:734)
at org.testng.internal.invokers.ParameterHandler.handleParameters(ParameterHandler.java:72)
at org.testng.internal.invokers.ParameterHandler.createParameters(ParameterHandler.java:51)
at org.testng.internal.invokers.TestInvoker$MethodInvocationAgent.invoke(TestInvoker.java:949)
at org.testng.internal.invokers.TestInvoker.invokeTestMethods(TestInvoker.java:203)
at org.testng.internal.invokers.TestMethodWorker.invokeTestMethods(TestMethodWorker.java:154)
at org.testng.internal.invokers.TestMethodWorker.run(TestMethodWorker.java:134)
at java.base/java.util.ArrayList.forEach(ArrayList.java:1596)
at org.testng.TestRunner.privateRun(TestRunner.java:741)
at org.testng.TestRunner.run(TestRunner.java:616)
at org.testng.SuiteRunner.runTest(SuiteRunner.java:421)
at org.testng.SuiteRunner.runSequentially(SuiteRunner.java:413)
at org.testng.SuiteRunner.privateRun(SuiteRunner.java:373)
at org.testng.SuiteRunner.run(SuiteRunner.java:312)
at org.testng.SuiteRunnerWorker.runSuite(SuiteRunnerWorker.java:52)
at org.testng.SuiteRunnerWorker.run(SuiteRunnerWorker.java:95)
at org.testng.TestNG.runSuitesSequentially(TestNG.java:1274)
at org.testng.TestNG.runSuitesLocally(TestNG.java:1208)
at org.testng.TestNG.runSuites(TestNG.java:1112)
at org.testng.TestNG.run(TestNG.java:1079)
at org.testng.remote.AbstractRemoteTestNG.run(AbstractRemoteTestNG.java:115)
at org.testng.remote.RemoteTestNG.initAndRun(RemoteTestNG.java:293)
at org.testng.remote.RemoteTestNG.main(RemoteTestNG.java:91)
]]>
    </failure>
  </testcase> <!-- verifyURL -->
  <testcase classname="testpkg.HomeToolsTest" name="verifyPageTitle" time="0.0">
    <skipped/>
  </testcase> <!-- verifyPageTitle -->
  <testcase classname="testpkg.HomeToolsTest" name="verifyclickEnroll" time="0.001">
    <skipped/>
  </testcase> <!-- verifyclickEnroll -->
  <testcase classname="testpkg.HomeToolsTest" name="verifyclickNewWindow" time="0.0">
    <skipped/>
  </testcase> <!-- verifyclickNewWindow -->
</testsuite> <!-- Default test -->
