<?xml version="1.0" encoding="UTF-8"?>
<!-- Generated by org.testng.reporters.JUnitXMLReporter -->
<testsuite ignored="4" hostname="DESKTOP-N5ERSVK" failures="1" tests="14" name="Test" time="12.641" errors="0" timestamp="2025-12-10T12:47:34 IST">
  <testcase classname="testpkg.SauseDemoLoginTest" name="test" time="2.825">
    <failure type="java.lang.AssertionError" message="URL does not match! expected [https://www.sauce.com/inventory.html] but found [https://www.saucedemo.com/inventory.html]">
      <![CDATA[java.lang.AssertionError: URL does not match! expected [https://www.sauce.com/inventory.html] but found [https://www.saucedemo.com/inventory.html]
at testpkg.SauseDemoLoginTest.test(SauseDemoLoginTest.java:32)
at java.base/java.util.ArrayList.forEach(ArrayList.java:1604)
... Removed 30 stack frames]]>
    </failure>
  </testcase> <!-- test -->
  <testcase classname="testpkg.HomeSauseTest" name="textverify" time="0.079"/>
  <testcase classname="testpkg.HomeSauseTest" name="dropdownclk" time="0.552"/>
  <testcase classname="testpkg.HomeSauseTest" name="addcartBtn" time="0.863"/>
  <testcase classname="testpkg.HomeSauseTest" name="titleVerify" time="0.011"/>
  <testcase classname="testpkg.HomeSauseTest" name="MainCartBtn" time="0.17"/>
  <testcase classname="testpkg.HomeSauseTest" name="checkOutBtn" time="0.124"/>
  <testcase classname="testpkg.CheckoutTest" name="checkText" time="0.084"/>
  <testcase classname="testpkg.CheckoutTest" name="fillValues" time="0.39"/>
  <testcase classname="testpkg.CheckoutTest" name="continueBtnClk" time="0.171"/>
  <testcase classname="testpkg.CheckoutTest" name="finishBtnClk" time="0.146"/>
  <testcase classname="testpkg.CheckoutTest" name="backBtnClk" time="0.165"/>
  <testcase classname="testpkg.CheckoutTest" name="hmbgrBtnClk" time="0.175"/>
  <testcase classname="testpkg.CheckoutTest" name="logoutBtnClk" time="0.29"/>
  <testcase classname="basepkg.BaseClass" name="@AfterTest closeTest" time="0.0">
    <ignored/>
  </testcase> <!-- @AfterTest closeTest -->
  <testcase classname="basepkg.BaseClass" name="@BeforeTest setup" time="0.0">
    <ignored/>
  </testcase> <!-- @BeforeTest setup -->
  <testcase classname="basepkg.BaseClass" name="@AfterTest closeTest" time="0.0">
    <ignored/>
  </testcase> <!-- @AfterTest closeTest -->
  <testcase classname="basepkg.BaseClass" name="@BeforeTest setup" time="0.0">
    <ignored/>
  </testcase> <!-- @BeforeTest setup -->
</testsuite> <!-- Test -->
