<?xml version="1.0" encoding="UTF-8"?>
<!-- Generated by org.testng.reporters.JUnitXMLReporter -->
<testsuite ignored="0" hostname="DESKTOP-N5ERSVK" failures="1" tests="6" name="Test" time="32.765" errors="0" timestamp="2026-03-14T13:22:32 IST">
  <testcase classname="basepkg.baseTools" name="@BeforeTest setup" time="32.35">
    <failure type="org.openqa.selenium.NoSuchWindowException" message="no such window: target window already closed
from unknown error: web view not found
  (Session info: chrome=145.0.7632.160)
Build info: version: &amp;apos;4.38.0&amp;apos;, revision: &amp;apos;6b412e825c*&amp;apos;
System info: os.name: &amp;apos;Windows 10&amp;apos;, os.arch: &amp;apos;amd64&amp;apos;, os.version: &amp;apos;10.0&amp;apos;, java.version: &amp;apos;21.0.8&amp;apos;
Driver info: org.openqa.selenium.chrome.ChromeDriver
Command: [bab635a7391d07c6cea8ddbeb7edba3e, maximizeCurrentWindow {}]
Capabilities {acceptInsecureCerts: false, browserName: chrome, browserVersion: 145.0.7632.160, chrome: {chromedriverVersion: 145.0.7632.117 (de4e5d6e13b..., userDataDir: C:\Users\A\AppData\Local\Te...}, fedcm:accounts: true, goog:chromeOptions: {debuggerAddress: localhost:51602}, goog:processID: 2360, networkConnectionEnabled: false, pageLoadStrategy: normal, platformName: windows, proxy: Proxy(), se:cdp: ws://localhost:51602/devtoo..., se:cdpVersion: 145.0.7632.160, setWindowRect: true, strictFileInteractability: false, timeouts: {implicit: 0, pageLoad: 300000, script: 30000}, unhandledPromptBehavior: dismiss and notify, webauthn:extension:credBlob: true, webauthn:extension:largeBlob: true, webauthn:extension:minPinLength: true, webauthn:extension:prf: true, webauthn:virtualAuthenticators: true}
Session ID: bab635a7391d07c6cea8ddbeb7edba3e">
      <![CDATA[org.openqa.selenium.NoSuchWindowException: no such window: target window already closed
from unknown error: web view not found
  (Session info: chrome=145.0.7632.160)
Build info: version: '4.38.0', revision: '6b412e825c*'
System info: os.name: 'Windows 10', os.arch: 'amd64', os.version: '10.0', java.version: '21.0.8'
Driver info: org.openqa.selenium.chrome.ChromeDriver
Command: [bab635a7391d07c6cea8ddbeb7edba3e, maximizeCurrentWindow {}]
Capabilities {acceptInsecureCerts: false, browserName: chrome, browserVersion: 145.0.7632.160, chrome: {chromedriverVersion: 145.0.7632.117 (de4e5d6e13b..., userDataDir: C:\Users\A\AppData\Local\Te...}, fedcm:accounts: true, goog:chromeOptions: {debuggerAddress: localhost:51602}, goog:processID: 2360, networkConnectionEnabled: false, pageLoadStrategy: normal, platformName: windows, proxy: Proxy(), se:cdp: ws://localhost:51602/devtoo..., se:cdpVersion: 145.0.7632.160, setWindowRect: true, strictFileInteractability: false, timeouts: {implicit: 0, pageLoad: 300000, script: 30000}, unhandledPromptBehavior: dismiss and notify, webauthn:extension:credBlob: true, webauthn:extension:largeBlob: true, webauthn:extension:minPinLength: true, webauthn:extension:prf: true, webauthn:virtualAuthenticators: true}
Session ID: bab635a7391d07c6cea8ddbeb7edba3e
at org.openqa.selenium.remote.ErrorCodec.decode(ErrorCodec.java:167)
at org.openqa.selenium.remote.codec.w3c.W3CHttpResponseCodec.decode(W3CHttpResponseCodec.java:138)
at org.openqa.selenium.remote.codec.w3c.W3CHttpResponseCodec.decode(W3CHttpResponseCodec.java:50)
at org.openqa.selenium.remote.HttpCommandExecutor.execute(HttpCommandExecutor.java:215)
at org.openqa.selenium.remote.service.DriverCommandExecutor.invokeExecute(DriverCommandExecutor.java:216)
at org.openqa.selenium.remote.service.DriverCommandExecutor.execute(DriverCommandExecutor.java:174)
at org.openqa.selenium.remote.RemoteWebDriver.execute(RemoteWebDriver.java:557)
at org.openqa.selenium.remote.RemoteWebDriver.execute(RemoteWebDriver.java:634)
at org.openqa.selenium.remote.RemoteWebDriver.execute(RemoteWebDriver.java:638)
at org.openqa.selenium.remote.RemoteWebDriver$RemoteWebDriverOptions$RemoteWindow.maximize(RemoteWebDriver.java:1064)
at basepkg.baseTools.setup(baseTools.java:30)
... Removed 25 stack frames]]>
    </failure>
  </testcase> <!-- @BeforeTest setup -->
  <testcase classname="basepkg.baseTools" name="@BeforeMethod beforemtd" time="0.0">
    <skipped/>
  </testcase> <!-- @BeforeMethod beforemtd -->
  <testcase classname="basepkg.baseTools" name="@AfterMethod screenshotMethod" time="0.0">
    <skipped/>
  </testcase> <!-- @AfterMethod screenshotMethod -->
  <testcase classname="basepkg.baseTools" name="@BeforeMethod beforemtd" time="0.0">
    <skipped/>
  </testcase> <!-- @BeforeMethod beforemtd -->
  <testcase classname="basepkg.baseTools" name="@AfterMethod screenshotMethod" time="0.0">
    <skipped/>
  </testcase> <!-- @AfterMethod screenshotMethod -->
  <testcase classname="basepkg.baseTools" name="@BeforeMethod beforemtd" time="0.0">
    <skipped/>
  </testcase> <!-- @BeforeMethod beforemtd -->
  <testcase classname="basepkg.baseTools" name="@AfterMethod screenshotMethod" time="0.0">
    <skipped/>
  </testcase> <!-- @AfterMethod screenshotMethod -->
  <testcase classname="basepkg.baseTools" name="@BeforeMethod beforemtd" time="0.0">
    <skipped/>
  </testcase> <!-- @BeforeMethod beforemtd -->
  <testcase classname="basepkg.baseTools" name="@AfterMethod screenshotMethod" time="0.0">
    <skipped/>
  </testcase> <!-- @AfterMethod screenshotMethod -->
  <testcase classname="basepkg.baseTools" name="@BeforeMethod beforemtd" time="0.0">
    <skipped/>
  </testcase> <!-- @BeforeMethod beforemtd -->
  <testcase classname="basepkg.baseTools" name="@AfterMethod screenshotMethod" time="0.0">
    <skipped/>
  </testcase> <!-- @AfterMethod screenshotMethod -->
  <testcase classname="basepkg.baseTools" name="@AfterTest teardown" time="0.0">
    <skipped/>
  </testcase> <!-- @AfterTest teardown -->
  <testcase classname="testpkg.HomeToolsTest" name="verifylinkCount" time="0.0">
    <skipped/>
  </testcase> <!-- verifylinkCount -->
  <testcase classname="testpkg.HomeToolsTest" name="verifyBrokenLinks" time="0.0">
    <skipped/>
  </testcase> <!-- verifyBrokenLinks -->
  <testcase classname="testpkg.HomeToolsTest" name="verifyURL" time="0.0">
    <failure type="org.testng.TestNGException" message="
Cannot inject @Test annotated Method [verifyURL] with [class java.lang.String].
For more information on native dependency injection please refer to https://testng.org/#_dependency_injection">
      <![CDATA[org.testng.TestNGException: 
Cannot inject @Test annotated Method [verifyURL] with [class java.lang.String].
For more information on native dependency injection please refer to https://testng.org/#_dependency_injection
at java.base/java.util.ArrayList.forEach(ArrayList.java:1596)
... Removed 26 stack frames]]>
    </failure>
  </testcase> <!-- verifyURL -->
  <testcase classname="testpkg.HomeToolsTest" name="verifyPageTitle" time="0.0">
    <skipped/>
  </testcase> <!-- verifyPageTitle -->
  <testcase classname="testpkg.HomeToolsTest" name="verifyclickEnroll" time="0.0">
    <skipped/>
  </testcase> <!-- verifyclickEnroll -->
  <testcase classname="testpkg.HomeToolsTest" name="verifyclickNewWindow" time="0.0">
    <skipped/>
  </testcase> <!-- verifyclickNewWindow -->
</testsuite> <!-- Test -->
