<?xml version="1.0" encoding="UTF-8"?>
<!-- Generated by org.testng.reporters.JUnitReportReporter -->
<testsuite hostname="DESKTOP-N5ERSVK" failures="0" tests="7" name="testpkg.CheckoutTest" time="1.467" errors="0" timestamp="2025-12-10T12:47:34 IST" skipped="0">
  <testcase classname="testpkg.CheckoutTest" name="checkText" time="0.088"/>
  <testcase classname="testpkg.CheckoutTest" name="fillValues" time="0.398"/>
  <testcase classname="testpkg.CheckoutTest" name="continueBtnClk" time="0.174"/>
  <testcase classname="testpkg.CheckoutTest" name="finishBtnClk" time="0.150"/>
  <testcase classname="testpkg.CheckoutTest" name="backBtnClk" time="0.170"/>
  <testcase classname="testpkg.CheckoutTest" name="hmbgrBtnClk" time="0.188"/>
  <testcase classname="testpkg.CheckoutTest" name="logoutBtnClk" time="0.299"/>
</testsuite> <!-- testpkg.CheckoutTest -->
