<?xml version="1.0" encoding="UTF-8"?>
<!-- Generated by org.testng.reporters.JUnitReportReporter -->
<testsuite hostname="DESKTOP-N5ERSVK" failures="0" tests="6" name="testpkg.HomeSauseTest" time="1.823" errors="0" timestamp="2025-12-10T12:47:34 IST" skipped="0">
  <testcase classname="testpkg.HomeSauseTest" name="textverify" time="0.081"/>
  <testcase classname="testpkg.HomeSauseTest" name="dropdownclk" time="0.556"/>
  <testcase classname="testpkg.HomeSauseTest" name="addcartBtn" time="0.868"/>
  <testcase classname="testpkg.HomeSauseTest" name="titleVerify" time="0.014"/>
  <testcase classname="testpkg.HomeSauseTest" name="MainCartBtn" time="0.174"/>
  <testcase classname="testpkg.HomeSauseTest" name="checkOutBtn" time="0.130"/>
</testsuite> <!-- testpkg.HomeSauseTest -->
